<?xml version="1.0" encoding="UTF-8"?>
<testng-results ignored="0" total="1" passed="1" failed="0" skipped="0">
  <reporter-output>
    <line>
      <![CDATA[reading value ofurlfrom property file]]>
    </line>
    <line>
      <![CDATA[launchingBrowser]]>
    </line>
    <line>
      <![CDATA[waiting for1000milis]]>
    </line>
    <line>
      <![CDATA[reading value ofmobNumfrom property file]]>
    </line>
    <line>
      <![CDATA[waiting for1000milis]]>
    </line>
    <line>
      <![CDATA[sending Mobile Number]]>
    </line>
    <line>
      <![CDATA[waiting for1000milis]]>
    </line>
    <line>
      <![CDATA[clicking on sign in button]]>
    </line>
    <line>
      <![CDATA[reading value ofpassfrom property file]]>
    </line>
    <line>
      <![CDATA[waiting for3000milis]]>
    </line>
    <line>
      <![CDATA[sending password]]>
    </line>
    <line>
      <![CDATA[waiting for1000milis]]>
    </line>
    <line>
      <![CDATA[clicking on submit button]]>
    </line>
    <line>
      <![CDATA[waiting for1000milis]]>
    </line>
    <line>
      <![CDATA[waiting for1000milis]]>
    </line>
    <line>
      <![CDATA[handling popUp]]>
    </line>
    <line>
      <![CDATA[getting user name]]>
    </line>
    <line>
      <![CDATA[reading value ofuserNamefrom property file]]>
    </line>
    <line>
      <![CDATA[getting user name]]>
    </line>
    <line>
      <![CDATA[taking screenshot]]>
    </line>
    <line>
      <![CDATA[waiting for1000milis]]>
    </line>
    <line>
      <![CDATA[waiting for1000milis]]>
    </line>
    <line>
      <![CDATA[logging out from neostox]]>
    </line>
    <line>
      <![CDATA[closing browser]]>
    </line>
  </reporter-output>
  <suite started-at="2022-12-15T10:00:22 IST" name="Suite" finished-at="2022-12-15T10:01:13 IST" duration-ms="50539">
    <groups>
    </groups>
    <test started-at="2022-12-15T10:00:22 IST" name="Test" finished-at="2022-12-15T10:01:13 IST" duration-ms="50539">
      <class name="neoStoxTest.ValidateNeostoxUserName">
        <test-method is-config="true" signature="launchNeostox()[pri:0, instance:neoStoxTest.ValidateNeostoxUserName@21282ed8]" started-at="2022-12-15T10:00:22 IST" name="launchNeostox" finished-at="2022-12-15T10:00:35 IST" duration-ms="12471" status="PASS">
          <reporter-output>
            <line>
              <![CDATA[reading value ofurlfrom property file]]>
            </line>
            <line>
              <![CDATA[launchingBrowser]]>
            </line>
            <line>
              <![CDATA[waiting for1000milis]]>
            </line>
          </reporter-output>
        </test-method> <!-- launchNeostox -->
        <test-method is-config="true" signature="loginToNeostox()[pri:0, instance:neoStoxTest.ValidateNeostoxUserName@21282ed8]" started-at="2022-12-15T10:00:35 IST" name="loginToNeostox" finished-at="2022-12-15T10:01:10 IST" duration-ms="35584" status="PASS">
          <reporter-output>
            <line>
              <![CDATA[reading value ofmobNumfrom property file]]>
            </line>
            <line>
              <![CDATA[waiting for1000milis]]>
            </line>
            <line>
              <![CDATA[sending Mobile Number]]>
            </line>
            <line>
              <![CDATA[waiting for1000milis]]>
            </line>
            <line>
              <![CDATA[clicking on sign in button]]>
            </line>
            <line>
              <![CDATA[reading value ofpassfrom property file]]>
            </line>
            <line>
              <![CDATA[waiting for3000milis]]>
            </line>
            <line>
              <![CDATA[sending password]]>
            </line>
            <line>
              <![CDATA[waiting for1000milis]]>
            </line>
            <line>
              <![CDATA[clicking on submit button]]>
            </line>
            <line>
              <![CDATA[waiting for1000milis]]>
            </line>
            <line>
              <![CDATA[waiting for1000milis]]>
            </line>
            <line>
              <![CDATA[handling popUp]]>
            </line>
          </reporter-output>
        </test-method> <!-- loginToNeostox -->
        <test-method signature="validateUserName()[pri:0, instance:neoStoxTest.ValidateNeostoxUserName@21282ed8]" started-at="2022-12-15T10:01:10 IST" name="validateUserName" finished-at="2022-12-15T10:01:11 IST" duration-ms="482" status="PASS">
          <reporter-output>
            <line>
              <![CDATA[getting user name]]>
            </line>
            <line>
              <![CDATA[reading value ofuserNamefrom property file]]>
            </line>
            <line>
              <![CDATA[getting user name]]>
            </line>
            <line>
              <![CDATA[taking screenshot]]>
            </line>
          </reporter-output>
        </test-method> <!-- validateUserName -->
        <test-method is-config="true" signature="logout()[pri:0, instance:neoStoxTest.ValidateNeostoxUserName@21282ed8]" started-at="2022-12-15T10:01:11 IST" name="logout" finished-at="2022-12-15T10:01:11 IST" duration-ms="274" status="PASS">
          <reporter-output>
            <line>
              <![CDATA[waiting for1000milis]]>
            </line>
            <line>
              <![CDATA[waiting for1000milis]]>
            </line>
            <line>
              <![CDATA[logging out from neostox]]>
            </line>
          </reporter-output>
        </test-method> <!-- logout -->
        <test-method is-config="true" signature="closeApplication()[pri:0, instance:neoStoxTest.ValidateNeostoxUserName@21282ed8]" started-at="2022-12-15T10:01:11 IST" name="closeApplication" finished-at="2022-12-15T10:01:13 IST" duration-ms="1655" status="PASS">
          <reporter-output>
            <line>
              <![CDATA[closing browser]]>
            </line>
          </reporter-output>
        </test-method> <!-- closeApplication -->
      </class> <!-- neoStoxTest.ValidateNeostoxUserName -->
    </test> <!-- Test -->
  </suite> <!-- Suite -->
</testng-results>
